This is pdfTeX, Version 3.141592653-2.6-1.40.23 (TeX Live 2021/W32TeX) (preloaded format=pdflatex 2021.12.7)  25 AUG 2022 14:28
entering extended mode
 restricted \write18 enabled.
 %&-line parsing enabled.
**CMP_DissertationTemplate5.tex
(./CMP_DissertationTemplate5.tex
LaTeX2e <2021-11-15> patch level 1
L3 programming layer <2021-11-22>
(c:/texlive/2021/texmf-dist/tex/latex/base/report.cls
Document Class: report 2021/10/04 v1.4n Standard LaTeX document class
(c:/texlive/2021/texmf-dist/tex/latex/base/size12.clo
File: size12.clo 2021/10/04 v1.4n Standard LaTeX file (size option)
)
\c@part=\count183
\c@chapter=\count184
\c@section=\count185
\c@subsection=\count186
\c@subsubsection=\count187
\c@paragraph=\count188
\c@subparagraph=\count189
\c@figure=\count190
\c@table=\count191
\abovecaptionskip=\skip47
\belowcaptionskip=\skip48
\bibindent=\dimen138
)
(c:/texlive/2021/texmf-dist/tex/latex/amsmath/amsmath.sty
Package: amsmath 2021/10/15 v2.17l AMS math features
\@mathmargin=\skip49

For additional information on amsmath, use the `?' option.
(c:/texlive/2021/texmf-dist/tex/latex/amsmath/amstext.sty
Package: amstext 2021/08/26 v2.01 AMS text

(c:/texlive/2021/texmf-dist/tex/latex/amsmath/amsgen.sty
File: amsgen.sty 1999/11/30 v2.0 generic functions
\@emptytoks=\toks16
\ex@=\dimen139
))
(c:/texlive/2021/texmf-dist/tex/latex/amsmath/amsbsy.sty
Package: amsbsy 1999/11/29 v1.2d Bold Symbols
\pmbraise@=\dimen140
)
(c:/texlive/2021/texmf-dist/tex/latex/amsmath/amsopn.sty
Package: amsopn 2021/08/26 v2.02 operator names
)
\inf@bad=\count192
LaTeX Info: Redefining \frac on input line 234.
\uproot@=\count193
\leftroot@=\count194
LaTeX Info: Redefining \overline on input line 399.
\classnum@=\count195
\DOTSCASE@=\count196
LaTeX Info: Redefining \ldots on input line 496.
LaTeX Info: Redefining \dots on input line 499.
LaTeX Info: Redefining \cdots on input line 620.
\Mathstrutbox@=\box50
\strutbox@=\box51
\big@size=\dimen141
LaTeX Font Info:    Redeclaring font encoding OML on input line 743.
LaTeX Font Info:    Redeclaring font encoding OMS on input line 744.
\macc@depth=\count197
\c@MaxMatrixCols=\count198
\dotsspace@=\muskip16
\c@parentequation=\count199
\dspbrk@lvl=\count266
\tag@help=\toks17
\row@=\count267
\column@=\count268
\maxfields@=\count269
\andhelp@=\toks18
\eqnshift@=\dimen142
\alignsep@=\dimen143
\tagshift@=\dimen144
\tagwidth@=\dimen145
\totwidth@=\dimen146
\lineht@=\dimen147
\@envbody=\toks19
\multlinegap=\skip50
\multlinetaggap=\skip51
\mathdisplay@stack=\toks20
LaTeX Info: Redefining \[ on input line 2938.
LaTeX Info: Redefining \] on input line 2939.
)
(c:/texlive/2021/texmf-dist/tex/latex/amsfonts/amsfonts.sty
Package: amsfonts 2013/01/14 v3.01 Basic AMSFonts support
\symAMSa=\mathgroup4
\symAMSb=\mathgroup5
LaTeX Font Info:    Redeclaring math symbol \hbar on input line 98.
LaTeX Font Info:    Overwriting math alphabet `\mathfrak' in version `bold'
(Font)                  U/euf/m/n --> U/euf/b/n on input line 106.
)
(c:/texlive/2021/texmf-dist/tex/latex/amsfonts/amssymb.sty
Package: amssymb 2013/01/14 v3.01 AMS font symbols
)
(c:/texlive/2021/texmf-dist/tex/latex/amscls/amsthm.sty
Package: amsthm 2020/05/29 v2.20.6
\thm@style=\toks21
\thm@bodyfont=\toks22
\thm@headfont=\toks23
\thm@notefont=\toks24
\thm@headpunct=\toks25
\thm@preskip=\skip52
\thm@postskip=\skip53
\thm@headsep=\skip54
\dth@everypar=\toks26
)
(c:/texlive/2021/texmf-dist/tex/latex/base/newlfont.sty
Package: newlfont 1998/08/17 v2.2m Standard LaTeX package
LaTeX Info: Redefining \em on input line 57.

(c:/texlive/2021/texmf-dist/tex/latex/base/latexsym.sty
Package: latexsym 1998/08/17 v2.2e Standard LaTeX package (lasy symbols)
\symlasy=\mathgroup6
LaTeX Font Info:    Overwriting symbol font `lasy' in version `bold'
(Font)                  U/lasy/m/n --> U/lasy/b/n on input line 52.
))
(c:/texlive/2021/texmf-dist/tex/latex/graphics/graphicx.sty
Package: graphicx 2021/09/16 v1.2d Enhanced LaTeX Graphics (DPC,SPQR)

(c:/texlive/2021/texmf-dist/tex/latex/graphics/keyval.sty
Package: keyval 2014/10/28 v1.15 key=value parser (DPC)
\KV@toks@=\toks27
)
(c:/texlive/2021/texmf-dist/tex/latex/graphics/graphics.sty
Package: graphics 2021/03/04 v1.4d Standard LaTeX Graphics (DPC,SPQR)

(c:/texlive/2021/texmf-dist/tex/latex/graphics/trig.sty
Package: trig 2021/08/11 v1.11 sin cos tan (DPC)
)
(c:/texlive/2021/texmf-dist/tex/latex/graphics-cfg/graphics.cfg
File: graphics.cfg 2016/06/04 v1.11 sample graphics configuration
)
Package graphics Info: Driver file: pdftex.def on input line 107.

(c:/texlive/2021/texmf-dist/tex/latex/graphics-def/pdftex.def
File: pdftex.def 2020/10/05 v1.2a Graphics/color driver for pdftex
))
\Gin@req@height=\dimen148
\Gin@req@width=\dimen149
)
(c:/texlive/2021/texmf-dist/tex/latex/natbib/natbib.sty
Package: natbib 2010/09/13 8.31b (PWD, AO)
\bibhang=\skip55
\bibsep=\skip56
LaTeX Info: Redefining \cite on input line 694.
\c@NAT@ctr=\count270
)
(c:/texlive/2021/texmf-dist/tex/latex/graphics/color.sty
Package: color 2021/10/11 v1.3b Standard LaTeX Color (DPC)

(c:/texlive/2021/texmf-dist/tex/latex/graphics-cfg/color.cfg
File: color.cfg 2016/01/02 v1.6 sample color configuration
)
Package color Info: Driver file: pdftex.def on input line 149.
)
(c:/texlive/2021/texmf-dist/tex/latex/enumitem/enumitem.sty
Package: enumitem 2019/06/20 v3.9 Customized lists
\labelindent=\skip57
\enit@outerparindent=\dimen150
\enit@toks=\toks28
\enit@inbox=\box52
\enit@count@id=\count271
\enitdp@description=\count272
)
(c:/texlive/2021/texmf-dist/tex/latex/url/url.sty
\Urlmuskip=\muskip17
Package: url 2013/09/16  ver 3.4  Verb mode for urls, etc.
)
(c:/texlive/2021/texmf-dist/tex/latex/glossaries/base/glossaries.sty
Package: glossaries 2021/11/01 v4.49 (NLCT)

(c:/texlive/2021/texmf-dist/tex/latex/base/ifthen.sty
Package: ifthen 2020/11/24 v1.1c Standard LaTeX ifthen package (DPC)
)
(c:/texlive/2021/texmf-dist/tex/latex/xkeyval/xkeyval.sty
Package: xkeyval 2020/11/20 v2.8 package option processing (HA)

(c:/texlive/2021/texmf-dist/tex/generic/xkeyval/xkeyval.tex
(c:/texlive/2021/texmf-dist/tex/generic/xkeyval/xkvutils.tex
\XKV@toks=\toks29
\XKV@tempa@toks=\toks30
)
\XKV@depth=\count273
File: xkeyval.tex 2014/12/03 v2.7a key=value parser (HA)
))
(c:/texlive/2021/texmf-dist/tex/latex/mfirstuc/mfirstuc.sty
Package: mfirstuc 2021/10/15 v2.07 (NLCT)

(c:/texlive/2021/texmf-dist/tex/latex/etoolbox/etoolbox.sty
Package: etoolbox 2020/10/05 v2.5k e-TeX tools for LaTeX (JAW)
\etb@tempcnta=\count274
)
\@glsmfirst=\toks31
\@glsmrest=\toks32
)
(c:/texlive/2021/texmf-dist/tex/latex/textcase/textcase.sty
Package: textcase 2019/09/14 v1.00 Text only upper/lower case changing (DPC)
)
(c:/texlive/2021/texmf-dist/tex/latex/xfor/xfor.sty
Package: xfor 2009/02/05 v1.05 (NLCT)
)
(c:/texlive/2021/texmf-dist/tex/latex/datatool/datatool-base.sty
Package: datatool-base 2019/09/27 v2.32 (NLCT)

(c:/texlive/2021/texmf-dist/tex/latex/substr/substr.sty
Package: substr 2009/10/20 v1.2 Handle substrings
\c@su@anzahl=\count275
)
(c:/texlive/2021/texmf-dist/tex/latex/datatool/datatool-fp.sty
Package: datatool-fp 2019/09/27 v2.32 (NLCT)

(c:/texlive/2021/texmf-dist/tex/latex/fp/fp.sty
Package: fp 1995/04/02

`Fixed Point Package', Version 0.8, April 2, 1995 (C) Michael Mehlich
(c:/texlive/2021/texmf-dist/tex/latex/fp/defpattern.sty
Package: defpattern 1994/10/12
\actioncount=\count276
)
(c:/texlive/2021/texmf-dist/tex/latex/fp/fp-basic.sty
Package: fp-basic 1996/05/13
\FP@xs=\count277
\FP@xia=\count278
\FP@xib=\count279
\FP@xfa=\count280
\FP@xfb=\count281
\FP@rega=\count282
\FP@regb=\count283
\FP@regs=\count284
\FP@times=\count285
)
(c:/texlive/2021/texmf-dist/tex/latex/fp/fp-addons.sty
Package: fp-addons 1995/03/15
)
(c:/texlive/2021/texmf-dist/tex/latex/fp/fp-snap.sty
Package: fp-snap 1995/04/05
)
(c:/texlive/2021/texmf-dist/tex/latex/fp/fp-exp.sty
Package: fp-exp 1995/04/03
)
(c:/texlive/2021/texmf-dist/tex/latex/fp/fp-trigo.sty
Package: fp-trigo 1995/04/14
)
(c:/texlive/2021/texmf-dist/tex/latex/fp/fp-pas.sty
Package: fp-pas 1994/08/29
)
(c:/texlive/2021/texmf-dist/tex/latex/fp/fp-random.sty
Package: fp-random 1995/02/23
\FPseed=\count286
)
(c:/texlive/2021/texmf-dist/tex/latex/fp/fp-eqn.sty
Package: fp-eqn 1995/04/03
)
(c:/texlive/2021/texmf-dist/tex/latex/fp/fp-upn.sty
Package: fp-upn 1996/10/21
)
(c:/texlive/2021/texmf-dist/tex/latex/fp/fp-eval.sty
Package: fp-eval 1995/04/03
)))
\@dtl@toks=\toks33
\@dtl@tmpcount=\count287
\dtl@tmplength=\skip58
\dtl@sortresult=\count288
\@dtl@numgrpsepcount=\count289
\@dtl@datatype=\count290
\dtl@codeA=\count291
\dtl@codeB=\count292
\@dtl@foreach@level=\count293
)
(c:/texlive/2021/texmf-dist/tex/latex/glossaries/base/glossaries-compatible-307
.sty
Package: glossaries-compatible-307 2021/11/01 v4.49 (NLCT)
)
\gls@level=\count294
\@gls@tmpb=\toks34
\gls@tmplen=\skip59
\glskeylisttok=\toks35
\glslabeltok=\toks36
\glsshorttok=\toks37
\glslongtok=\toks38

(c:/texlive/2021/texmf-dist/tex/latex/glossaries/styles/glossary-hypernav.sty
Package: glossary-hypernav 2021/11/01 v4.49 (NLCT)
)
(c:/texlive/2021/texmf-dist/tex/latex/glossaries/styles/glossary-list.sty
Package: glossary-list 2021/11/01 v4.49 (NLCT)
\glslistdottedwidth=\skip60
)
(c:/texlive/2021/texmf-dist/tex/latex/glossaries/styles/glossary-long.sty
Package: glossary-long 2021/11/01 v4.49 (NLCT)

(c:/texlive/2021/texmf-dist/tex/latex/tools/longtable.sty
Package: longtable 2021-09-01 v4.17 Multi-page Table package (DPC)
\LTleft=\skip61
\LTright=\skip62
\LTpre=\skip63
\LTpost=\skip64
\LTchunksize=\count295
\LTcapwidth=\dimen151
\LT@head=\box53
\LT@firsthead=\box54
\LT@foot=\box55
\LT@lastfoot=\box56
\LT@gbox=\box57
\LT@cols=\count296
\LT@rows=\count297
\c@LT@tables=\count298
\c@LT@chunks=\count299
\LT@p@ftn=\toks39
)
\glsdescwidth=\skip65
\glspagelistwidth=\skip66
)
(c:/texlive/2021/texmf-dist/tex/latex/glossaries/styles/glossary-super.sty
Package: glossary-super 2021/11/01 v4.49 (NLCT)

(c:/texlive/2021/texmf-dist/tex/latex/supertabular/supertabular.sty
Package: supertabular 2020/02/02 v4.1g the supertabular environment
\c@tracingst=\count300
\ST@wd=\dimen152
\ST@rightskip=\skip67
\ST@leftskip=\skip68
\ST@parfillskip=\skip69
\ST@pageleft=\dimen153
\ST@headht=\dimen154
\ST@tailht=\dimen155
\ST@pagesofar=\dimen156
\ST@pboxht=\dimen157
\ST@lineht=\dimen158
\ST@prevht=\dimen159
\ST@toadd=\dimen160
\ST@dimen=\dimen161
\ST@pbox=\box58
))
(c:/texlive/2021/texmf-dist/tex/latex/glossaries/styles/glossary-tree.sty
Package: glossary-tree 2021/11/01 v4.49 (NLCT)
\glstreeindent=\skip70
))
(c:/texlive/2021/texmf-dist/tex/latex/datetime/datetime.sty
Package: datetime 2015/03/20 v2.60 Date Time Package

(c:/texlive/2021/texmf-dist/tex/latex/fmtcount/fmtcount.sty
Package: fmtcount 2020/01/30 v3.07

(c:/texlive/2021/texmf-dist/tex/latex/fmtcount/fcprefix.sty
Package: fcprefix 2012/09/28

(c:/texlive/2021/texmf-dist/tex/latex/fmtcount/fcnumparser.sty
Package: fcnumparser 2017/06/15
\fc@digit@counter=\count301
))
\c@padzeroesN=\count302
\fc@tmpcatcode=\count303
\@DT@modctr=\count304
\@ordinalctr=\count305
\@orgargctr=\count306
\@strctr=\count307
\@tmpstrctr=\count308
\@DT@loopN=\count309
\@DT@X=\count310
)
(c:/texlive/2021/texmf-dist/tex/latex/datetime/datetime-defaults.sty
Package: datetime-defaults 2013/09/10
)
\@day=\count311
\@month=\count312
\@year=\count313
\c@HOUR=\count314
\c@HOURXII=\count315
\c@MINUTE=\count316
\c@TOHOUR=\count317
\c@TOMINUTE=\count318
\c@SECOND=\count319
\currenthour=\count320
\currentminute=\count321
\currentsecond=\count322
Package datetime Info: No datetime.cfg file found, using default settings on in
put line 308.
\@dtctr=\count323
\dayofyear=\count324
\dayofweek=\count325
LaTeX Info: Redefining \today on input line 736.
\dt@a=\toks40
\dt@b=\toks41
)
(./CMPDissertation5.sty) (./XTocinc.sty
\tclineskip=\skip71
)
(c:/texlive/2021/texmf-dist/tex/latex/setspace/setspace.sty
Package: setspace 2011/12/19 v6.7a set line spacing
)
\defbaselineskip=\skip72
\glswrite=\write3
\glo@main@file=\write4
\openout4 = `CMP_DissertationTemplate5.glo'.

Package glossaries Info: Writing glossary file CMP_DissertationTemplate5.glo on
 input line 216.
\glo@acronym@file=\write5
\openout5 = `CMP_DissertationTemplate5.acn'.

Package glossaries Info: Writing glossary file CMP_DissertationTemplate5.acn on
 input line 216.

(c:/texlive/2021/texmf-dist/tex/latex/l3backend/l3backend-pdftex.def
File: l3backend-pdftex.def 2021-10-18 L3 backend support: PDF output (pdfTeX)
\l__color_backend_stack_int=\count326
\l__pdf_internal_box=\box59
)
(./CMP_DissertationTemplate5.aux (./Abstract.aux) (./Acknowledgement.aux)
(./Ch1_Introduction.aux) (./Ch2_LiteratureReview.aux) (./Ch3_Analysis.aux)
(./Ch4_Methodology.aux) (./Ch5_Implementation.aux) (./Evaluation.aux)
(./AppendixA.aux))
\openout1 = `CMP_DissertationTemplate5.aux'.

LaTeX Font Info:    Checking defaults for OML/cmm/m/it on input line 218.
LaTeX Font Info:    ... okay on input line 218.
LaTeX Font Info:    Checking defaults for OMS/cmsy/m/n on input line 218.
LaTeX Font Info:    ... okay on input line 218.
LaTeX Font Info:    Checking defaults for OT1/cmr/m/n on input line 218.
LaTeX Font Info:    ... okay on input line 218.
LaTeX Font Info:    Checking defaults for T1/cmr/m/n on input line 218.
LaTeX Font Info:    ... okay on input line 218.
LaTeX Font Info:    Checking defaults for TS1/cmr/m/n on input line 218.
LaTeX Font Info:    ... okay on input line 218.
LaTeX Font Info:    Checking defaults for OMX/cmex/m/n on input line 218.
LaTeX Font Info:    ... okay on input line 218.
LaTeX Font Info:    Checking defaults for U/cmr/m/n on input line 218.
LaTeX Font Info:    ... okay on input line 218.

(c:/texlive/2021/texmf-dist/tex/context/base/mkii/supp-pdf.mkii
[Loading MPS to PDF converter (version 2006.09.02).]
\scratchcounter=\count327
\scratchdimen=\dimen162
\scratchbox=\box60
\nofMPsegments=\count328
\nofMParguments=\count329
\everyMPshowfont=\toks42
\MPscratchCnt=\count330
\MPscratchDim=\dimen163
\MPnumerator=\count331
\makeMPintoPDFobject=\count332
\everyMPtoPDFconversion=\toks43
) (c:/texlive/2021/texmf-dist/tex/latex/epstopdf-pkg/epstopdf-base.sty
Package: epstopdf-base 2020-01-24 v2.11 Base part for package epstopdf
Package epstopdf-base Info: Redefining graphics rule for `.eps' on input line 4
85.

(c:/texlive/2021/texmf-dist/tex/latex/latexconfig/epstopdf-sys.cfg
File: epstopdf-sys.cfg 2010/07/13 v1.3 Configuration of (r)epstopdf for TeX Liv
e
))
(./CMP_DissertationTemplate5.glsdefs)
(c:/texlive/2021/texmf-dist/tex/latex/fmtcount/fc-english.def
File: fc-english.def 2016/01/12
)
:?000000000
Most over/underfulls in first few pages are the fault of cmpthesis.
Ignore all them. If uncorrectable errors occur, notify staff.
[1

\openout3 = `CMP_DissertationTemplate5.ist'.

{c:/texlive/2021/texmf-var/fonts/map/pdftex/updmap/pdftex.map}]
Underfull \hbox (badness 10000) in paragraph at lines 221--221

 []


Underfull \hbox (badness 10000) in paragraph at lines 221--221

 []


Underfull \hbox (badness 10000) in paragraph at lines 221--221

 []


Underfull \hbox (badness 10000) in paragraph at lines 221--221

 []


Overfull \hbox (28.57898pt too wide) in paragraph at lines 221--221
[][] 
 []


Underfull \hbox (badness 10000) in paragraph at lines 221--221

 []


Underfull \hbox (badness 10000) in paragraph at lines 221--221

 []

[2]
Overfull \hbox (43.40927pt too wide) detected at line 221
\OT1/cmr/m/n/12 Student:
 []


Overfull \hbox (28.06915pt too wide) detected at line 221
\OT1/cmr/m/n/12 Title:
 []


Overfull \hbox (36.55518pt too wide) detected at line 221
\OT1/cmr/m/n/12 School:
 []


Overfull \hbox (38.57877pt too wide) detected at line 221
\OT1/cmr/m/n/12 Course:
 []


Overfull \hbox (38.34822pt too wide) detected at line 221
\OT1/cmr/m/n/12 Degree:
 []


Overfull \hbox (49.44533pt too wide) detected at line 221
\OT1/cmr/m/n/12 Duration:
 []


Overfull \hbox (52.93973pt too wide) detected at line 221
\OT1/cmr/m/n/12 Organiser:
 []

Abstract
[3]
\openout2 = `Abstract.aux'.

 (./Abstract.tex) [4


]
Acknowledgements
\openout2 = `Acknowledgement.aux'.

(./Acknowledgement.tex
Underfull \hbox (badness 10000) in paragraph at lines 23--24

 []


Underfull \hbox (badness 10000) in paragraph at lines 25--26

 []

) [5




]
\@defbaselineskip=\skip73
 (./CMP_DissertationTemplate5.toc
LaTeX Font Info:    Trying to load font information for U+msa on input line 7.

(c:/texlive/2021/texmf-dist/tex/latex/amsfonts/umsa.fd
File: umsa.fd 2013/01/14 v3.01 AMS symbols A
)
LaTeX Font Info:    Trying to load font information for U+msb on input line 7.

(c:/texlive/2021/texmf-dist/tex/latex/amsfonts/umsb.fd
File: umsb.fd 2013/01/14 v3.01 AMS symbols B
)
LaTeX Font Info:    Trying to load font information for U+lasy on input line 7.


(c:/texlive/2021/texmf-dist/tex/latex/base/ulasy.fd
File: ulasy.fd 1998/08/17 v2.2e LaTeX symbol font definitions
) [6



])
\tf@toc=\write6
\openout6 = `CMP_DissertationTemplate5.toc'.

 [7]
(./CMP_DissertationTemplate5.lot)
\tf@lot=\write7
\openout7 = `CMP_DissertationTemplate5.lot'.

 [8

] (./CMP_DissertationTemplate5.lof)
\tf@lof=\write8
\openout8 = `CMP_DissertationTemplate5.lof'.


[9

]
:?111111111
Cmpthesis preface pages completed.
\openout2 = `Ch1_Introduction.aux'.

(./Ch1_Introduction.tex
Chapter 1.
[1


] [2]
<irprocess.jpg, id=43, 597.432pt x 337.26pt>
File: irprocess.jpg Graphic file (type jpg)
<use irprocess.jpg>
Package pdftex.def Info: irprocess.jpg  used on input line 36.
(pdftex.def)             Requested size: 440.84743pt x 248.87375pt.
 [3 <./irprocess.jpg>] [4] [5]) [6]
\openout2 = `Ch2_LiteratureReview.aux'.

 (./Ch2_LiteratureReview.tex
Chapter 2.
[7




] [8] [9] [10]) [11]
\openout2 = `Ch3_Analysis.aux'.

 (./Ch3_Analysis.tex
Chapter 3.
[12




] [13]
<incremental.png, id=80, 1927.2pt x 1080.035pt>
File: incremental.png Graphic file (type png)
<use incremental.png>
Package pdftex.def Info: incremental.png  used on input line 53.
(pdftex.def)             Requested size: 440.84743pt x 247.05147pt.
 [14] [15 <./incremental.png>] [16] [17]
<gantt.jpg, id=96, 770.88pt x 578.16pt>
File: gantt.jpg Graphic file (type jpg)
<use gantt.jpg>
Package pdftex.def Info: gantt.jpg  used on input line 159.
(pdftex.def)             Requested size: 352.67928pt x 264.51001pt.
) [18 <./gantt.jpg>]
\openout2 = `Ch4_Methodology.aux'.


(./Ch4_Methodology.tex
Chapter 4.
[19




]
<arch_design.png, id=103, 615.4995pt x 350.5095pt>
File: arch_design.png Graphic file (type png)
<use arch_design.png>
Package pdftex.def Info: arch_design.png  used on input line 35.
(pdftex.def)             Requested size: 440.84743pt x 251.06166pt.
 [20 <./arch_design.png>] [21] [22]
<chatbot.png, id=115, 752.8125pt x 439.6425pt>
File: chatbot.png Graphic file (type png)
<use chatbot.png>
Package pdftex.def Info: chatbot.png  used on input line 64.
(pdftex.def)             Requested size: 440.84743pt x 257.4615pt.
 [23 <./chatbot.png>] [24]
<activity.jpg, id=123, 301.72725pt x 428.802pt>
File: activity.jpg Graphic file (type jpg)
<use activity.jpg>
Package pdftex.def Info: activity.jpg  used on input line 99.
(pdftex.def)             Requested size: 440.84743pt x 626.52335pt.
 [25] [26 <./activity.jpg>]
<usecase.jpg, id=130, 383.63326pt x 498.06075pt>
File: usecase.jpg Graphic file (type jpg)
<use usecase.jpg>
Package pdftex.def Info: usecase.jpg  used on input line 109.
(pdftex.def)             Requested size: 352.67928pt x 457.87946pt.
 [27 <./usecase.jpg>]
<database.png, id=134, 635.37375pt x 398.08725pt>
File: database.png Graphic file (type png)
<use database.png>
Package pdftex.def Info: database.png  used on input line 119.
(pdftex.def)             Requested size: 440.84743pt x 276.2173pt.
) [28 <./database.png>]
\openout2 = `Ch5_Implementation.aux'.


(./Ch5_Implementation.tex
Chapter 5.
[29




]
<intent.png, id=143, 518.53725pt x 552.26324pt>
File: intent.png Graphic file (type png)
<use intent.png>
Package pdftex.def Info: intent.png  used on input line 38.
(pdftex.def)             Requested size: 352.67928pt x 375.6183pt.
 [30 <./intent.png>]
<deeplearning.png, id=148, 1318.9275pt x 632.3625pt>
File: deeplearning.png Graphic file (type png)
<use deeplearning.png>
Package pdftex.def Info: deeplearning.png  used on input line 52.
(pdftex.def)             Requested size: 440.84743pt x 211.3627pt.


LaTeX Warning: `!h' float specifier changed to `!ht'.

[31] [32 <./deeplearning.png (PNG copy)>] [33]
<homepage.png, id=159, 1148.49075pt x 557.08125pt>
File: homepage.png Graphic file (type png)
<use homepage.png>
Package pdftex.def Info: homepage.png  used on input line 117.
(pdftex.def)             Requested size: 374.72299pt x 181.76329pt.
 [34]
<home1.png, id=164, 1151.502pt x 554.67226pt>
File: home1.png Graphic file (type png)
<use home1.png>
Package pdftex.def Info: home1.png  used on input line 124.
(pdftex.def)             Requested size: 374.72299pt x 180.50333pt.
<home2.png, id=165, 1149.093pt x 554.07pt>
File: home2.png Graphic file (type png)
<use home2.png>
Package pdftex.def Info: home2.png  used on input line 131.
(pdftex.def)             Requested size: 374.72299pt x 180.68779pt.
<home3.png, id=166, 1147.28625pt x 552.8655pt>
File: home3.png Graphic file (type png)
<use home3.png>
Package pdftex.def Info: home3.png  used on input line 138.
(pdftex.def)             Requested size: 374.72299pt x 180.57336pt.


LaTeX Warning: `!h' float specifier changed to `!ht'.

<forum.png, id=167, 1152.10425pt x 560.69475pt>
File: forum.png Graphic file (type png)
<use forum.png>
Package pdftex.def Info: forum.png  used on input line 145.
(pdftex.def)             Requested size: 374.72299pt x 182.36052pt.

LaTeX Warning: `!h' float specifier changed to `!ht'.

<create_post.png, id=168, 1150.2975pt x 558.28575pt>
File: create_post.png Graphic file (type png)
<use create_post.png>
Package pdftex.def Info: create_post.png  used on input line 152.
(pdftex.def)             Requested size: 374.72299pt x 181.86665pt.

LaTeX Warning: `!h' float specifier changed to `!ht'.

<post.png, id=169, 1152.10425pt x 539.616pt>
File: post.png Graphic file (type png)
<use post.png>
Package pdftex.def Info: post.png  used on input line 159.
(pdftex.def)             Requested size: 374.72299pt x 175.50487pt.

LaTeX Warning: `!h' float specifier changed to `!ht'.

<signup.png, id=170, 1153.911pt x 555.87675pt>
File: signup.png Graphic file (type png)
<use signup.png>
Package pdftex.def Info: signup.png  used on input line 166.
(pdftex.def)             Requested size: 374.72299pt x 180.51361pt.

LaTeX Warning: `!h' float specifier changed to `!ht'.

<chat1.png, id=171, 242.70676pt x 377.61075pt>
File: chat1.png Graphic file (type png)
<use chat1.png>
Package pdftex.def Info: chat1.png  used on input line 172.
(pdftex.def)             Requested size: 176.33627pt x 274.35136pt.
<chat2.png, id=172, 240.9pt x 371.58826pt>
File: chat2.png Graphic file (type png)
<use chat2.png>
Package pdftex.def Info: chat2.png  used on input line 173.
(pdftex.def)             Requested size: 176.33627pt x 272.0056pt.
) [35 <./homepage.png> <./home1.png> <./home2.png>] [36 <./home3.png> <./forum.
png> <./create_post.png>] [37 <./post.png> <./signup.png> <./chat1.png> <./chat
2.png>]
\openout2 = `Evaluation.aux'.

 (./Evaluation.tex
Chapter 6.
[38




] [39] [40] [41] [42] [43]) [44] (./CMP_DissertationTemplate5.bbl [45



]
Underfull \hbox (badness 3168) in paragraph at lines 63--68
\OT1/cmr/m/n/12 Struc-tur-ing.  $\OT1/cmtt/m/n/12 https : / / blog . hubspot . 
com / marketing / website-[]architecture$\OT1/cmr/m/n/12 .
 []

[46] [47]
Underfull \hbox (badness 3601) in paragraph at lines 241--245
[]\OT1/cmr/m/n/12 NHS (2022).  Menatl Health: De-men-tia.  $\OT1/cmtt/m/n/12 ht
tps : / / www . england . nhs . uk /
 []

[48]) [49]
\openout2 = `AppendixA.aux'.

 (./AppendixA.tex
\c@thm=\count333
\c@defn=\count334
\c@rem=\count335

Appendix A.
) [50


]

Package glossaries Warning: No \printglossary or \printglossaries found. 
(Remove \makeglossaries if you don't want any glossaries.) 
This document will not have a glossary.

(./CMP_DissertationTemplate5.aux (./Abstract.aux) (./Acknowledgement.aux)
(./Ch1_Introduction.aux) (./Ch2_LiteratureReview.aux) (./Ch3_Analysis.aux)
(./Ch4_Methodology.aux) (./Ch5_Implementation.aux) (./Evaluation.aux)
(./AppendixA.aux)) ) 
Here is how much of TeX's memory you used:
 9893 strings out of 478353
 163697 string characters out of 5852101
 516043 words of memory out of 5000000
 27765 multiletter control sequences out of 15000+600000
 412330 words of font info for 61 fonts, out of 8000000 for 9000
 1141 hyphenation exceptions out of 8191
 91i,13n,91p,1298b,378s stack positions out of 5000i,500n,10000p,200000b,80000s
{c:/texlive/2021/texmf-dist/fonts/enc/dvips/cm-super/cm-sup
er-ts1.enc}<c:/texlive/2021/texmf-dist/fonts/type1/public/amsfonts/cm/cmbx10.pf
b><c:/texlive/2021/texmf-dist/fonts/type1/public/amsfonts/cm/cmbx12.pfb><c:/tex
live/2021/texmf-dist/fonts/type1/public/amsfonts/cm/cmmi12.pfb><c:/texlive/2021
/texmf-dist/fonts/type1/public/amsfonts/cm/cmr10.pfb><c:/texlive/2021/texmf-dis
t/fonts/type1/public/amsfonts/cm/cmr12.pfb><c:/texlive/2021/texmf-dist/fonts/ty
pe1/public/amsfonts/cm/cmsy10.pfb><c:/texlive/2021/texmf-dist/fonts/type1/publi
c/amsfonts/cm/cmti12.pfb><c:/texlive/2021/texmf-dist/fonts/type1/public/amsfont
s/cm/cmtt12.pfb><c:/texlive/2021/texmf-dist/fonts/type1/public/cm-super/sfrm120
0.pfb>
Output written on CMP_DissertationTemplate5.pdf (59 pages, 4087111 bytes).
PDF statistics:
 277 PDF objects out of 1000 (max. 8388607)
 161 compressed objects within 2 object streams
 0 named destinations out of 1000 (max. 500000)
 101 words of extra memory for PDF output out of 10000 (max. 10000000)

